<?xml version="1.0" encoding="UTF-8"?>
<testng-results ignored="0" total="3" passed="3" failed="0" skipped="0">
  <reporter-output>
  </reporter-output>
  <suite started-at="2025-06-19T16:55:27 IST" name="Default suite" finished-at="2025-06-19T16:55:27 IST" duration-ms="36">
    <groups>
    </groups>
    <test started-at="2025-06-19T16:55:27 IST" name="Default test" finished-at="2025-06-19T16:55:27 IST" duration-ms="36">
      <class name="ITestContext.Sesso1">
        <test-method signature="setUp(org.testng.ITestContext)[pri:1, instance:ITestContext.Sesso1@9d5509a]" started-at="2025-06-19T16:55:27 IST" name="setUp" finished-at="2025-06-19T16:55:27 IST" duration-ms="5" status="PASS">
          <params>
            <param index="0">
              <value>
                <![CDATA[org.testng.TestRunner@ea6147e]]>
              </value>
            </param>
          </params>
          <reporter-output>
          </reporter-output>
        </test-method> <!-- setUp -->
        <test-method signature="Logic(org.testng.ITestContext)[pri:2, instance:ITestContext.Sesso1@9d5509a]" started-at="2025-06-19T16:55:27 IST" name="Logic" finished-at="2025-06-19T16:55:27 IST" depends-on-methods="ITestContext.Sesso1.setUp" duration-ms="1" status="PASS">
          <params>
            <param index="0">
              <value>
                <![CDATA[org.testng.TestRunner@ea6147e]]>
              </value>
            </param>
          </params>
          <reporter-output>
          </reporter-output>
        </test-method> <!-- Logic -->
        <test-method signature="exit(org.testng.ITestContext)[pri:3, instance:ITestContext.Sesso1@9d5509a]" started-at="2025-06-19T16:55:27 IST" name="exit" finished-at="2025-06-19T16:55:27 IST" depends-on-methods="ITestContext.Sesso1.setUp, ITestContext.Sesso1.Logic" duration-ms="0" status="PASS">
          <params>
            <param index="0">
              <value>
                <![CDATA[org.testng.TestRunner@ea6147e]]>
              </value>
            </param>
          </params>
          <reporter-output>
          </reporter-output>
        </test-method> <!-- exit -->
      </class> <!-- ITestContext.Sesso1 -->
    </test> <!-- Default test -->
  </suite> <!-- Default suite -->
</testng-results>
